<?xml version="1.0" encoding="UTF-8"?>
<testng-results ignored="0" total="1" passed="1" failed="0" skipped="0">
  <reporter-output>
  </reporter-output>
  <suite started-at="2021-03-24T16:05:28 IST" name="Surefire suite" finished-at="2021-03-24T16:05:29 IST" duration-ms="116">
    <groups>
    </groups>
    <test started-at="2021-03-24T16:05:28 IST" name="Surefire test" finished-at="2021-03-24T16:05:29 IST" duration-ms="116">
      <class name="com.test.demoproject.SeleniumProject.AppTest">
        <test-method signature="shouldAnswerWithTrue()" started-at="2021-03-24T16:05:29 IST" name="shouldAnswerWithTrue" finished-at="2021-03-24T16:05:29 IST" duration-ms="23" status="PASS">
          <reporter-output>
          </reporter-output>
        </test-method> <!-- shouldAnswerWithTrue -->
      </class> <!-- com.test.demoproject.SeleniumProject.AppTest -->
    </test> <!-- Surefire test -->
  </suite> <!-- Surefire suite -->
</testng-results>
